<?xml version="1.0" encoding="UTF-8"?>
<testsuite name="com.example.italia.ItaliaApplicationTests" tests="1" skipped="0" failures="0" errors="0" timestamp="2025-04-29T16:51:59" hostname="Mac" time="0.225">
  <properties/>
  <testcase name="contextLoads()" classname="com.example.italia.ItaliaApplicationTests" time="0.225"/>
  <system-out><![CDATA[18:51:58.154 [Test worker] INFO org.springframework.test.context.support.AnnotationConfigContextLoaderUtils -- Could not detect default configuration classes for test class [com.example.italia.ItaliaApplicationTests]: ItaliaApplicationTests does not declare any static, non-private, non-final, nested classes annotated with @Configuration.
18:51:58.195 [Test worker] INFO org.springframework.boot.test.context.SpringBootTestContextBootstrapper -- Found @SpringBootConfiguration com.example.italia.ItaliaApplication for test class com.example.italia.ItaliaApplicationTests

  .   ____          _            __ _ _
 /\\ / ___'_ __ _ _(_)_ __  __ _ \ \ \ \
( ( )\___ | '_ | '_| | '_ \/ _` | \ \ \ \
 \\/  ___)| |_)| | | | | || (_| |  ) ) ) )
  '  |____| .__|_| |_|_| |_\__, | / / / /
 =========|_|==============|___/=/_/_/_/

 :: Spring Boot ::                (v3.4.1)

2025-04-29T18:51:58.322+02:00  INFO 16435 --- [italia] [    Test worker] c.example.italia.ItaliaApplicationTests  : Starting ItaliaApplicationTests using Java 17.0.13 with PID 16435 (started by baptistemarty in /Users/baptistemarty/Documents/italiA/back)
2025-04-29T18:51:58.322+02:00  INFO 16435 --- [italia] [    Test worker] c.example.italia.ItaliaApplicationTests  : No active profile set, falling back to 1 default profile: "default"
2025-04-29T18:51:58.530+02:00  INFO 16435 --- [italia] [    Test worker] .s.d.r.c.RepositoryConfigurationDelegate : Bootstrapping Spring Data JPA repositories in DEFAULT mode.
2025-04-29T18:51:58.550+02:00  INFO 16435 --- [italia] [    Test worker] .s.d.r.c.RepositoryConfigurationDelegate : Finished Spring Data repository scanning in 17 ms. Found 5 JPA repository interfaces.
2025-04-29T18:51:58.706+02:00  INFO 16435 --- [italia] [    Test worker] o.hibernate.jpa.internal.util.LogHelper  : HHH000204: Processing PersistenceUnitInfo [name: default]
2025-04-29T18:51:58.720+02:00  INFO 16435 --- [italia] [    Test worker] org.hibernate.Version                    : HHH000412: Hibernate ORM core version 6.6.4.Final
2025-04-29T18:51:58.730+02:00  INFO 16435 --- [italia] [    Test worker] o.h.c.internal.RegionFactoryInitiator    : HHH000026: Second-level cache disabled
2025-04-29T18:51:58.813+02:00  INFO 16435 --- [italia] [    Test worker] o.s.o.j.p.SpringPersistenceUnitInfo      : No LoadTimeWeaver setup: ignoring JPA class transformer
2025-04-29T18:51:58.821+02:00  INFO 16435 --- [italia] [    Test worker] com.zaxxer.hikari.HikariDataSource       : HikariPool-1 - Starting...
2025-04-29T18:51:58.894+02:00  INFO 16435 --- [italia] [    Test worker] com.zaxxer.hikari.pool.HikariPool        : HikariPool-1 - Added connection conn0: url=jdbc:h2:file:./data/italia-db user=SA
2025-04-29T18:51:58.895+02:00  INFO 16435 --- [italia] [    Test worker] com.zaxxer.hikari.HikariDataSource       : HikariPool-1 - Start completed.
2025-04-29T18:51:58.902+02:00  WARN 16435 --- [italia] [    Test worker] org.hibernate.orm.deprecation            : HHH90000025: H2Dialect does not need to be specified explicitly using 'hibernate.dialect' (remove the property setting and it will be selected by default)
2025-04-29T18:51:58.909+02:00  INFO 16435 --- [italia] [    Test worker] org.hibernate.orm.connections.pooling    : HHH10001005: Database info:
	Database JDBC URL [Connecting through datasource 'HikariDataSource (HikariPool-1)']
	Database driver: undefined/unknown
	Database version: 2.3.232
	Autocommit mode: undefined/unknown
	Isolation level: undefined/unknown
	Minimum pool size: undefined/unknown
	Maximum pool size: undefined/unknown
2025-04-29T18:51:59.198+02:00  INFO 16435 --- [italia] [    Test worker] o.h.e.t.j.p.i.JtaPlatformInitiator       : HHH000489: No JTA platform available (set 'hibernate.transaction.jta.platform' to enable JTA platform integration)
2025-04-29T18:51:59.218+02:00  INFO 16435 --- [italia] [    Test worker] j.LocalContainerEntityManagerFactoryBean : Initialized JPA EntityManagerFactory for persistence unit 'default'
2025-04-29T18:51:59.387+02:00  WARN 16435 --- [italia] [    Test worker] JpaBaseConfiguration$JpaWebConfiguration : spring.jpa.open-in-view is enabled by default. Therefore, database queries may be performed during view rendering. Explicitly configure spring.jpa.open-in-view to disable this warning
2025-04-29T18:51:59.397+02:00  WARN 16435 --- [italia] [    Test worker] .s.s.UserDetailsServiceAutoConfiguration : 

Using generated security password: 59c142f9-fa84-4f49-aad0-6c666f02064f

This generated password is for development use only. Your security configuration must be updated before running your application in production.

2025-04-29T18:51:59.399+02:00  INFO 16435 --- [italia] [    Test worker] r$InitializeUserDetailsManagerConfigurer : Global AuthenticationManager configured with UserDetailsService bean with name inMemoryUserDetailsManager
2025-04-29T18:51:59.576+02:00  INFO 16435 --- [italia] [    Test worker] o.s.b.a.h2.H2ConsoleAutoConfiguration    : H2 console available at '/h2-console'. Database available at 'jdbc:h2:file:./data/italia-db'
2025-04-29T18:51:59.612+02:00  INFO 16435 --- [italia] [    Test worker] c.example.italia.ItaliaApplicationTests  : Started ItaliaApplicationTests in 1.367 seconds (process running for 1.808)
]]></system-out>
  <system-err><![CDATA[]]></system-err>
</testsuite>
